Using pre-set license
Built from '2021.1/staging' branch; Version is '2021.1.7f1 (d91830b65d9b) revision 14227504'; Using compiler version '192528614'; Build Type 'Release'
OS: 'Windows 8.1  (6.3.0) 64bit' Language: 'ru' Physical Memory: 8084 MB
BatchMode: 1, IsHumanControllingUs: 0, StartBugReporterOnCrash: 0, Is64bit: 1, IsPro: 0

 COMMAND LINE ARGUMENTS:
C:\Program Files\Unity\Hub\Editor\2021.1.7f1\Editor\Unity.exe
-adb2
-batchMode
-noUpm
-name
AssetImportWorker0
-projectPath
D:/Unity/save/SaveVillage
-logFile
Logs/AssetImportWorker0.log
-srvPort
52322
Successfully changed project path to: D:/Unity/save/SaveVillage
D:/Unity/save/SaveVillage
Using Asset Import Pipeline V2.
Refreshing native plugins compatible for Editor in 166.84 ms, found 1 plugins.
Preloading 0 native plugins for Editor in 0.00 ms.
Initialize engine version: 2021.1.7f1 (d91830b65d9b)
[Subsystems] Discovering subsystems at path C:/Program Files/Unity/Hub/Editor/2021.1.7f1/Editor/Data/Resources/UnitySubsystems
[Subsystems] Discovering subsystems at path D:/Unity/save/SaveVillage/Assets
GfxDevice: creating device client; threaded=0; jobified=0
d3d11: QueryInterface(IDXGIFactory5) failed (80004002).
Direct3D:
    Version:  Direct3D 11.0 [level 11.0]
    Renderer: NVIDIA GeForce 840M (ID=0x1341)
    Vendor:   NVIDIA
    VRAM:     1970 MB
    Driver:   24.21.13.9924
Initialize mono
Mono path[0] = 'C:/Program Files/Unity/Hub/Editor/2021.1.7f1/Editor/Data/Managed'
Mono path[1] = 'C:/Program Files/Unity/Hub/Editor/2021.1.7f1/Editor/Data/MonoBleedingEdge/lib/mono/unityjit'
Mono config path = 'C:/Program Files/Unity/Hub/Editor/2021.1.7f1/Editor/Data/MonoBleedingEdge/etc'
Using monoOptions --debugger-agent=transport=dt_socket,embedding=1,server=y,suspend=n,address=127.0.0.1:56332
Begin MonoManager ReloadAssembly
Registering precompiled unity dll's ...
Register platform support module: C:/Program Files/Unity/Hub/Editor/2021.1.7f1/Editor/Data/PlaybackEngines/WindowsStandaloneSupport/UnityEditor.WindowsStandalone.Extensions.dll
Registered in 0.002242 seconds.
Native extension for WindowsStandalone target not found
Refreshing native plugins compatible for Editor in 193.53 ms, found 1 plugins.
Preloading 0 native plugins for Editor in 0.00 ms.
Mono: successfully reloaded assembly
- Completed reload, in  2.821 seconds
Platform modules already initialized, skipping
Registering precompiled user dll's ...
Registered in 0.003586 seconds.
Begin MonoManager ReloadAssembly
Symbol file LoadedFromMemory doesn't match image D:\Unity\save\SaveVillage\Library\PackageCache\com.unity.visualscripting@1.6.1\Editor\VisualScripting.Core\Dependencies\YamlDotNet\Unity.VisualScripting.YamlDotNet.dll
Symbol file LoadedFromMemory doesn't match image D:\Unity\save\SaveVillage\Library\PackageCache\com.unity.visualscripting@1.6.1\Editor\VisualScripting.Core\Dependencies\DotNetZip\Unity.VisualScripting.IonicZip.dll
Native extension for WindowsStandalone target not found
Refreshing native plugins compatible for Editor in 186.45 ms, found 1 plugins.
Preloading 0 native plugins for Editor in 0.00 ms.
Mono: successfully reloaded assembly
- Completed reload, in  2.461 seconds
Platform modules already initialized, skipping
========================================================================
Worker process is ready to serve import requests
Launched and connected shader compiler UnityShaderCompiler.exe after 0.04 seconds
Refreshing native plugins compatible for Editor in 0.79 ms, found 1 plugins.
Preloading 0 native plugins for Editor in 0.00 ms.
Unloading 2751 Unused Serialized files (Serialized files now loaded: 0)
System memory in use before: 102.0 MB.
System memory in use after: 58.9 MB.

Unloading 14 unused Assets to reduce memory usage. Loaded Objects now: 3205.
Total: 6.756072 ms (FindLiveObjects: 0.489663 ms CreateObjectMapping: 0.454168 ms MarkObjects: 5.669832 ms  DeleteObjects: 0.139843 ms)

========================================================================
Received Import Request.
  path: Assets/Assets/attack.svg
  artifactKey: Guid(d0895c4883c8cbe42a292605bf605d78) Importer(815301076,1909f56bfc062723c751e8b465ee728b)
Start importing Assets/Assets/attack.svg using Guid(d0895c4883c8cbe42a292605bf605d78) Importer(815301076,1909f56bfc062723c751e8b465ee728b)  -> (artifact id: 'fd5c8952e9125edd3592ef21a896477b') in 0.402180 seconds 
========================================================================
Received Import Request.
  Time since last request: 3.604413 seconds.
  path: Assets/Assets/Eight-o-clock.svg
  artifactKey: Guid(8968b049a8210894c96d29b28e687dac) Importer(815301076,1909f56bfc062723c751e8b465ee728b)
Start importing Assets/Assets/Eight-o-clock.svg using Guid(8968b049a8210894c96d29b28e687dac) Importer(815301076,1909f56bfc062723c751e8b465ee728b)  -> (artifact id: 'c37857aef2711edb228c1d90e180cbdc') in 0.033061 seconds 
========================================================================
Received Import Request.
  Time since last request: 4.455083 seconds.
  path: Assets/Assets/noun_project_928.svg
  artifactKey: Guid(a207e18e2585da543b769aa64a80a550) Importer(815301076,1909f56bfc062723c751e8b465ee728b)
Start importing Assets/Assets/noun_project_928.svg using Guid(a207e18e2585da543b769aa64a80a550) Importer(815301076,1909f56bfc062723c751e8b465ee728b)  -> (artifact id: '90b07c240508f509f1a7a1077f7588dd') in 0.028446 seconds 
========================================================================
Received Prepare
Registering precompiled user dll's ...
Registered in 0.002901 seconds.
Begin MonoManager ReloadAssembly
Symbol file LoadedFromMemory doesn't match image D:\Unity\save\SaveVillage\Library\PackageCache\com.unity.visualscripting@1.6.1\Editor\VisualScripting.Core\Dependencies\YamlDotNet\Unity.VisualScripting.YamlDotNet.dll
Symbol file LoadedFromMemory doesn't match image D:\Unity\save\SaveVillage\Library\PackageCache\com.unity.visualscripting@1.6.1\Editor\VisualScripting.Core\Dependencies\DotNetZip\Unity.VisualScripting.IonicZip.dll
Native extension for WindowsStandalone target not found
Refreshing native plugins compatible for Editor in 0.81 ms, found 1 plugins.
Preloading 0 native plugins for Editor in 0.00 ms.
Mono: successfully reloaded assembly
- Completed reload, in  2.102 seconds
Platform modules already initialized, skipping
Refreshing native plugins compatible for Editor in 0.97 ms, found 1 plugins.
Preloading 0 native plugins for Editor in 0.00 ms.
Unloading 2741 Unused Serialized files (Serialized files now loaded: 0)
System memory in use before: 105.2 MB.
System memory in use after: 105.3 MB.

Unloading 9 unused Assets to reduce memory usage. Loaded Objects now: 3220.
Total: 4.121298 ms (FindLiveObjects: 0.335280 ms CreateObjectMapping: 0.237348 ms MarkObjects: 3.438763 ms  DeleteObjects: 0.107341 ms)

========================================================================
Received Import Request.
  Time since last request: 141.464235 seconds.
  path: Assets/Assets/noun_project_928.svg
  artifactKey: Guid(a207e18e2585da543b769aa64a80a550) Importer(815301076,1909f56bfc062723c751e8b465ee728b)
Start importing Assets/Assets/noun_project_928.svg using Guid(a207e18e2585da543b769aa64a80a550) Importer(815301076,1909f56bfc062723c751e8b465ee728b)  -> (artifact id: '0d5555cab3122fbf8ac6ae8db8d64c7a') in 0.178910 seconds 
========================================================================
Received Import Request.
  Time since last request: 336.276174 seconds.
  path: Assets/Assets/noun_project_928.svg
  artifactKey: Guid(a207e18e2585da543b769aa64a80a550) Importer(815301076,1909f56bfc062723c751e8b465ee728b)
Start importing Assets/Assets/noun_project_928.svg using Guid(a207e18e2585da543b769aa64a80a550) Importer(815301076,1909f56bfc062723c751e8b465ee728b)  -> (artifact id: '259b728c024933ba5aaa02979f844755') in 0.023928 seconds 
========================================================================
Received Import Request.
  Time since last request: 354.318218 seconds.
  path: Assets/Assets/noun_project_928.svg
  artifactKey: Guid(a207e18e2585da543b769aa64a80a550) Importer(815301076,1909f56bfc062723c751e8b465ee728b)
Start importing Assets/Assets/noun_project_928.svg using Guid(a207e18e2585da543b769aa64a80a550) Importer(815301076,1909f56bfc062723c751e8b465ee728b)  -> (artifact id: 'e769b3bd288ddd685b78227df3c0b3e9') in 0.024485 seconds 
========================================================================
Received Import Request.
  Time since last request: 15.627517 seconds.
  path: Assets/Assets/noun_project_928.svg
  artifactKey: Guid(a207e18e2585da543b769aa64a80a550) Importer(815301076,1909f56bfc062723c751e8b465ee728b)
Start importing Assets/Assets/noun_project_928.svg using Guid(a207e18e2585da543b769aa64a80a550) Importer(815301076,1909f56bfc062723c751e8b465ee728b)  -> (artifact id: '0ba1a6ed9fef7e94163f90d928d89fef') in 0.019416 seconds 
========================================================================
Received Import Request.
  Time since last request: 6.733514 seconds.
  path: Assets/Assets/noun_project_928.svg
  artifactKey: Guid(a207e18e2585da543b769aa64a80a550) Importer(815301076,1909f56bfc062723c751e8b465ee728b)
Start importing Assets/Assets/noun_project_928.svg using Guid(a207e18e2585da543b769aa64a80a550) Importer(815301076,1909f56bfc062723c751e8b465ee728b)  -> (artifact id: '5f4d382629549e8811b3dbfa36bb77d6') in 0.020004 seconds 
AssetImportWorkerClient::OnTransportError - code=2 error=End of file
